                   ============
                      SYMMOL
  A PROGRAM FOR THE SYMMETRIZATION OF GROUPS OF ATOMS
        By Tullio Pilati and Alessandra Forni
                Version November 4th 2002
  ===================================================
 
 
  INDWGH=1 ===> WEIGHTS AS ATOMIC MASS
  INDTOL=1 ===> TOLERANCE=CONSTANT
  CONSTANTS OF TOLERANCE=  0.150  0.150
 
 
  CELL
  20.00000  20.00000  20.00000    90.000    90.000    90.000 8000.00000

 
  ATOM GROUP  INPUT COORDINATES AND THEIR S.U.
 
 C      1   0.44804  0.48393  0.56625  0.00000  0.00000  0.00000
 C      1   0.50202  0.51867  0.60651  0.00000  0.00000  0.00000
 O      1   0.56538  0.50526  0.57538  0.00000  0.00000  0.00000
 H      1   0.45639  0.42958  0.56509  0.00000  0.00000  0.00000
 H      1   0.44745  0.50234  0.51442  0.00000  0.00000  0.00000
 H      1   0.39875  0.49346  0.58864  0.00000  0.00000  0.00000
 H      1   0.50176  0.50005  0.65866  0.00000  0.00000  0.00000
 H      1   0.49245  0.57318  0.60805  0.00000  0.00000  0.00000
 H      1   0.60022  0.52746  0.59901  0.00000  0.00000  0.00000


           SYMMETRIZATION OF GROUP NR. 1


 PRINCIPAL INERTIA MOMENTS and DEGENERATION DEGREE
     62.68     54.63     14.48         1

 
    ORTHOGONALIZATION MATRIX
   -2.110125   16.352692  -11.319754
   -3.819164   10.838264   16.369057
   19.518231    3.888638    1.979176
 
 ATOM      ORTHOGONAL COORDINATES      VECTORS TO MAKESYMMETRICAL THE GROUP
 
C          0.00079  -0.25323  -1.26666       -0.00079  -0.00000  -0.00000
C         -0.00083   0.57613   0.00170        0.00083   0.00000   0.00000
O         -0.00144  -0.32076   1.12467        0.00144  -0.00000   0.00000
H         -0.89241  -0.89314  -1.31723        0.00135  -0.00329   0.00402
H          0.88970  -0.89972  -1.30918        0.00136   0.00328  -0.00403
H          0.00710   0.40491  -2.14734       -0.00710   0.00000  -0.00001
H         -0.89500   1.22906   0.02741        0.00083  -0.00015   0.00130
H          0.89335   1.22876   0.03001        0.00083   0.00015  -0.00130
H          0.02063   0.17381   1.93777       -0.02063   0.00001   0.00011
 
     SYMMETRIZED ORTHOGONAL COORDINATES            ATOMIC R.M.S.
C      1  0.00000 -0.25323 -1.26666    0.00079  0.00000  0.00000  *
C      1  0.00000  0.57613  0.00170    0.00083  0.00000  0.00000  *
O      1  0.00000 -0.32076  1.12467    0.00144  0.00000  0.00000  *
H      1 -0.89106 -0.89643 -1.31321    0.00136  0.00329  0.00402  *
H      1  0.89106 -0.89643 -1.31321    0.00136  0.00329  0.00402   
H      1  0.00000  0.40491 -2.14735    0.00710  0.00000  0.00001  *
H      1 -0.89418  1.22891  0.02871    0.00083  0.00015  0.00130  *
H      1  0.89418  1.22891  0.02871    0.00083  0.00015  0.00130   
H      1  0.00000  0.17381  1.93788    0.02063  0.00001  0.00011  *
 
 * Atom defining the asymmetric unit for the found symmetry group.
 
 
 AVERAGE DIFFERENCE ON X,Y,Z,D   0.00391   0.00076   0.00120   0.00496

 MAXIMUM DIFFERENCE ON X,Y,Z,D   0.02063   0.00329   0.00403   0.02063
              DUE TO THE ATOMS    H         H         H         H     

 Bond lengths and bond angles after symmetrization
 
C     -C      1.5154      C     -H      1.0999      C     -H      1.0999        
C     -H      1.0994      C     -C      1.5154      C     -O      1.4372        
C     -H      1.1074      C     -H      1.1074      O     -C      1.4372        
O     -H      0.9518      H     -C      1.0999      H     -C      1.0994        
H     -C      1.1074      H     -O      0.9518                                  
 
C     -C     -H      110.821       C     -C     -H      110.821                 
C     -C     -H      110.049       H     -C     -H      108.211                 
H     -C     -H      108.430       H     -C     -H      108.430                 
C     -C     -O      108.206       C     -C     -H      110.060                 
C     -C     -H      110.060       O     -C     -H      110.414                 
O     -C     -H      110.414       H     -C     -H      107.692                 
C     -O     -H      110.080                                                    
 
        SYMMETRIZED FRACTIONAL COORDINATES
 C      1  0.44804  0.48390  0.56627  0.00000  0.00000  0.00000
 C      1  0.50201  0.51870  0.60648  0.00000  0.00000  0.00000
 O      1  0.56537  0.50532  0.57534  0.00000  0.00000  0.00000
 H      1  0.45661  0.42959  0.56493  0.00000  0.00000  0.00000
 H      1  0.44721  0.50244  0.51450  0.00000  0.00000  0.00000
 H      1  0.39878  0.49317  0.58884  0.00000  0.00000  0.00000
 H      1  0.50182  0.50009  0.65863  0.00000  0.00000  0.00000
 H      1  0.49238  0.57321  0.60803  0.00000  0.00000  0.00000
 H      1  0.60033  0.52662  0.59960  0.00000  0.00000  0.00000

 Schoenflies symbol = Cs       CSM =  0.0060     Molecular RMS =  0.0078
 CSM,see: Zabrodsky et al. (1993) JACS, 115, 8278-8298
 Symmetry element its CSM and Max.Diff.  Symmetry element its CSM and Max.Diff. 
  1) [E  ]  x,y,z       0.0000  0.0000    2) [Cs ]  -x,y,z      0.0060  0.0206   
